<?xml version="1.0" encoding="UTF-8"?>
<!-- Generated by org.testng.reporters.JUnitXMLReporter -->
<testsuite hostname="Admin_SRV-PC" ignored="0" name="Default test" tests="17" failures="0" timestamp="2022-07-16T09:23:08 IST" time="5.863" errors="0">
  <testcase name="finaldata" time="0.015" classname="Test.exceldatademo"/>
  <testcase name="finaldata" time="0.0" classname="Test.exceldatademo"/>
  <testcase name="finaldata" time="0.0" classname="Test.exceldatademo"/>
  <testcase name="finaldata" time="0.0" classname="Test.exceldatademo"/>
  <testcase name="finaldata" time="0.0" classname="Test.exceldatademo"/>
  <testcase name="finaldata" time="0.0" classname="Test.exceldatademo"/>
  <testcase name="finaldata" time="0.0" classname="Test.exceldatademo"/>
  <testcase name="finaldata" time="0.0" classname="Test.exceldatademo"/>
  <testcase name="finaldata" time="0.002" classname="Test.exceldatademo"/>
  <testcase name="finaldata" time="0.002" classname="Test.exceldatademo"/>
  <testcase name="finaldata" time="0.002" classname="Test.exceldatademo"/>
  <testcase name="finaldata" time="0.003" classname="Test.exceldatademo"/>
  <testcase name="finaldata" time="0.0" classname="Test.exceldatademo"/>
  <testcase name="finaldata" time="0.0" classname="Test.exceldatademo"/>
  <testcase name="finaldata" time="0.0" classname="Test.exceldatademo"/>
  <testcase name="finaldata" time="0.016" classname="Test.exceldatademo"/>
  <testcase name="finaldata" time="0.0" classname="Test.exceldatademo"/>
</testsuite> <!-- Default test -->
