<?xml version="1.0" encoding="UTF-8"?>
<testng-results skipped="0" failed="0" ignored="0" total="17" passed="17">
  <reporter-output>
  </reporter-output>
  <suite name="Default suite" duration-ms="5863" started-at="2022-07-16T09:23:02 IST" finished-at="2022-07-16T09:23:08 IST">
    <groups>
    </groups>
    <test name="Default test" duration-ms="5863" started-at="2022-07-16T09:23:02 IST" finished-at="2022-07-16T09:23:08 IST">
      <class name="Test.exceldatademo">
        <test-method status="PASS" signature="finaldata(java.lang.String,java.lang.String,java.lang.String)[pri:0, instance:Test.exceldatademo@d2dae5]" name="finaldata" duration-ms="15" started-at="2022-07-16T09:23:08 IST" data-provider="testdata" finished-at="2022-07-16T09:23:08 IST">
          <params>
            <param index="0">
              <value>
                <![CDATA[Sonal]]>
              </value>
            </param>
            <param index="1">
              <value>
                <![CDATA[12345]]>
              </value>
            </param>
            <param index="2">
              <value>
                <![CDATA[abc123]]>
              </value>
            </param>
          </params>
          <reporter-output>
          </reporter-output>
        </test-method> <!-- finaldata -->
        <test-method status="PASS" signature="finaldata(java.lang.String,java.lang.String,java.lang.String)[pri:0, instance:Test.exceldatademo@d2dae5]" name="finaldata" duration-ms="0" started-at="2022-07-16T09:23:08 IST" data-provider="testdata" finished-at="2022-07-16T09:23:08 IST">
          <params>
            <param index="0">
              <value>
                <![CDATA[vikash]]>
              </value>
            </param>
            <param index="1">
              <value>
                <![CDATA[12345]]>
              </value>
            </param>
            <param index="2">
              <value>
                <![CDATA[qwe334t]]>
              </value>
            </param>
          </params>
          <reporter-output>
          </reporter-output>
        </test-method> <!-- finaldata -->
        <test-method status="PASS" signature="finaldata(java.lang.String,java.lang.String,java.lang.String)[pri:0, instance:Test.exceldatademo@d2dae5]" name="finaldata" duration-ms="0" started-at="2022-07-16T09:23:08 IST" data-provider="testdata" finished-at="2022-07-16T09:23:08 IST">
          <params>
            <param index="0">
              <value>
                <![CDATA[Tukal]]>
              </value>
            </param>
            <param index="1">
              <value>
                <![CDATA[12345]]>
              </value>
            </param>
            <param index="2">
              <value>
                <![CDATA[cdf456]]>
              </value>
            </param>
          </params>
          <reporter-output>
          </reporter-output>
        </test-method> <!-- finaldata -->
        <test-method status="PASS" signature="finaldata(java.lang.String,java.lang.String,java.lang.String)[pri:0, instance:Test.exceldatademo@d2dae5]" name="finaldata" duration-ms="0" started-at="2022-07-16T09:23:08 IST" data-provider="testdata" finished-at="2022-07-16T09:23:08 IST">
          <params>
            <param index="0">
              <value>
                <![CDATA[sachin]]>
              </value>
            </param>
            <param index="1">
              <value>
                <![CDATA[12345]]>
              </value>
            </param>
            <param index="2">
              <value>
                <![CDATA[asw12.0]]>
              </value>
            </param>
          </params>
          <reporter-output>
          </reporter-output>
        </test-method> <!-- finaldata -->
        <test-method status="PASS" signature="finaldata(java.lang.String,java.lang.String,java.lang.String)[pri:0, instance:Test.exceldatademo@d2dae5]" name="finaldata" duration-ms="0" started-at="2022-07-16T09:23:08 IST" data-provider="testdata" finished-at="2022-07-16T09:23:08 IST">
          <params>
            <param index="0">
              <value>
                <![CDATA[rutu]]>
              </value>
            </param>
            <param index="1">
              <value>
                <![CDATA[12345]]>
              </value>
            </param>
            <param index="2">
              <value>
                <![CDATA[qewe#$]]>
              </value>
            </param>
          </params>
          <reporter-output>
          </reporter-output>
        </test-method> <!-- finaldata -->
        <test-method status="PASS" signature="finaldata(java.lang.String,java.lang.String,java.lang.String)[pri:0, instance:Test.exceldatademo@d2dae5]" name="finaldata" duration-ms="0" started-at="2022-07-16T09:23:08 IST" data-provider="testdata" finished-at="2022-07-16T09:23:08 IST">
          <params>
            <param index="0">
              <value>
                <![CDATA[vibek]]>
              </value>
            </param>
            <param index="1">
              <value>
                <![CDATA[12345]]>
              </value>
            </param>
            <param index="2">
              <value>
                <![CDATA[112]]>
              </value>
            </param>
          </params>
          <reporter-output>
          </reporter-output>
        </test-method> <!-- finaldata -->
        <test-method status="PASS" signature="finaldata(java.lang.String,java.lang.String,java.lang.String)[pri:0, instance:Test.exceldatademo@d2dae5]" name="finaldata" duration-ms="0" started-at="2022-07-16T09:23:08 IST" data-provider="testdata" finished-at="2022-07-16T09:23:08 IST">
          <params>
            <param index="0">
              <value>
                <![CDATA[suresh]]>
              </value>
            </param>
            <param index="1">
              <value>
                <![CDATA[123456]]>
              </value>
            </param>
            <param index="2">
              <value>
                <![CDATA[weert90]]>
              </value>
            </param>
          </params>
          <reporter-output>
          </reporter-output>
        </test-method> <!-- finaldata -->
        <test-method status="PASS" signature="finaldata(java.lang.String,java.lang.String,java.lang.String)[pri:0, instance:Test.exceldatademo@d2dae5]" name="finaldata" duration-ms="0" started-at="2022-07-16T09:23:08 IST" data-provider="testdata" finished-at="2022-07-16T09:23:08 IST">
          <params>
            <param index="0">
              <value>
                <![CDATA[amit]]>
              </value>
            </param>
            <param index="1">
              <value>
                <![CDATA[12345]]>
              </value>
            </param>
            <param index="2">
              <value>
                <![CDATA[12#anh]]>
              </value>
            </param>
          </params>
          <reporter-output>
          </reporter-output>
        </test-method> <!-- finaldata -->
        <test-method status="PASS" signature="finaldata(java.lang.String,java.lang.String,java.lang.String)[pri:0, instance:Test.exceldatademo@d2dae5]" name="finaldata" duration-ms="2" started-at="2022-07-16T09:23:08 IST" data-provider="testdata" finished-at="2022-07-16T09:23:08 IST">
          <params>
            <param index="0">
              <value>
                <![CDATA[nihal]]>
              </value>
            </param>
            <param index="1">
              <value>
                <![CDATA[12345]]>
              </value>
            </param>
            <param index="2">
              <value>
                <![CDATA[dff4]]>
              </value>
            </param>
          </params>
          <reporter-output>
          </reporter-output>
        </test-method> <!-- finaldata -->
        <test-method status="PASS" signature="finaldata(java.lang.String,java.lang.String,java.lang.String)[pri:0, instance:Test.exceldatademo@d2dae5]" name="finaldata" duration-ms="2" started-at="2022-07-16T09:23:08 IST" data-provider="testdata" finished-at="2022-07-16T09:23:08 IST">
          <params>
            <param index="0">
              <value>
                <![CDATA[sabrina]]>
              </value>
            </param>
            <param index="1">
              <value>
                <![CDATA[12345]]>
              </value>
            </param>
            <param index="2">
              <value>
                <![CDATA[sd33]]>
              </value>
            </param>
          </params>
          <reporter-output>
          </reporter-output>
        </test-method> <!-- finaldata -->
        <test-method status="PASS" signature="finaldata(java.lang.String,java.lang.String,java.lang.String)[pri:0, instance:Test.exceldatademo@d2dae5]" name="finaldata" duration-ms="2" started-at="2022-07-16T09:23:08 IST" data-provider="testdata" finished-at="2022-07-16T09:23:08 IST">
          <params>
            <param index="0">
              <value>
                <![CDATA[Shehzad]]>
              </value>
            </param>
            <param index="1">
              <value>
                <![CDATA[12345]]>
              </value>
            </param>
            <param index="2">
              <value>
                <![CDATA[fke00]]>
              </value>
            </param>
          </params>
          <reporter-output>
          </reporter-output>
        </test-method> <!-- finaldata -->
        <test-method status="PASS" signature="finaldata(java.lang.String,java.lang.String,java.lang.String)[pri:0, instance:Test.exceldatademo@d2dae5]" name="finaldata" duration-ms="3" started-at="2022-07-16T09:23:08 IST" data-provider="testdata" finished-at="2022-07-16T09:23:08 IST">
          <params>
            <param index="0">
              <value>
                <![CDATA[Ankit]]>
              </value>
            </param>
            <param index="1">
              <value>
                <![CDATA[12345]]>
              </value>
            </param>
            <param index="2">
              <value>
                <![CDATA[TRUE]]>
              </value>
            </param>
          </params>
          <reporter-output>
          </reporter-output>
        </test-method> <!-- finaldata -->
        <test-method status="PASS" signature="finaldata(java.lang.String,java.lang.String,java.lang.String)[pri:0, instance:Test.exceldatademo@d2dae5]" name="finaldata" duration-ms="0" started-at="2022-07-16T09:23:08 IST" data-provider="testdata" finished-at="2022-07-16T09:23:08 IST">
          <params>
            <param index="0">
              <value>
                <![CDATA[Ronak]]>
              </value>
            </param>
            <param index="1">
              <value>
                <![CDATA[123456]]>
              </value>
            </param>
            <param index="2">
              <value>
                <![CDATA[FALSE]]>
              </value>
            </param>
          </params>
          <reporter-output>
          </reporter-output>
        </test-method> <!-- finaldata -->
        <test-method status="PASS" signature="finaldata(java.lang.String,java.lang.String,java.lang.String)[pri:0, instance:Test.exceldatademo@d2dae5]" name="finaldata" duration-ms="16" started-at="2022-07-16T09:23:08 IST" data-provider="testdata" finished-at="2022-07-16T09:23:08 IST">
          <params>
            <param index="0">
              <value>
                <![CDATA[rabi]]>
              </value>
            </param>
            <param index="1">
              <value>
                <![CDATA[12345]]>
              </value>
            </param>
            <param index="2">
              <value>
                <![CDATA[23434]]>
              </value>
            </param>
          </params>
          <reporter-output>
          </reporter-output>
        </test-method> <!-- finaldata -->
        <test-method status="PASS" signature="finaldata(java.lang.String,java.lang.String,java.lang.String)[pri:0, instance:Test.exceldatademo@d2dae5]" name="finaldata" duration-ms="0" started-at="2022-07-16T09:23:08 IST" data-provider="testdata" finished-at="2022-07-16T09:23:08 IST">
          <params>
            <param index="0">
              <value>
                <![CDATA[bhushan]]>
              </value>
            </param>
            <param index="1">
              <value>
                <![CDATA[12345]]>
              </value>
            </param>
            <param index="2">
              <value>
                <![CDATA[4343]]>
              </value>
            </param>
          </params>
          <reporter-output>
          </reporter-output>
        </test-method> <!-- finaldata -->
        <test-method status="PASS" signature="finaldata(java.lang.String,java.lang.String,java.lang.String)[pri:0, instance:Test.exceldatademo@d2dae5]" name="finaldata" duration-ms="0" started-at="2022-07-16T09:23:08 IST" data-provider="testdata" finished-at="2022-07-16T09:23:08 IST">
          <params>
            <param index="0">
              <value>
                <![CDATA[Rahul]]>
              </value>
            </param>
            <param index="1">
              <value>
                <![CDATA[12345]]>
              </value>
            </param>
            <param index="2">
              <value>
                <![CDATA[2323]]>
              </value>
            </param>
          </params>
          <reporter-output>
          </reporter-output>
        </test-method> <!-- finaldata -->
        <test-method status="PASS" signature="finaldata(java.lang.String,java.lang.String,java.lang.String)[pri:0, instance:Test.exceldatademo@d2dae5]" name="finaldata" duration-ms="0" started-at="2022-07-16T09:23:08 IST" data-provider="testdata" finished-at="2022-07-16T09:23:08 IST">
          <params>
            <param index="0">
              <value>
                <![CDATA[krishna]]>
              </value>
            </param>
            <param index="1">
              <value>
                <![CDATA[123456]]>
              </value>
            </param>
            <param index="2">
              <value>
                <![CDATA[werw454]]>
              </value>
            </param>
          </params>
          <reporter-output>
          </reporter-output>
        </test-method> <!-- finaldata -->
      </class> <!-- Test.exceldatademo -->
    </test> <!-- Default test -->
  </suite> <!-- Default suite -->
</testng-results>
